TN:
SF:script/HelperConfig.s.sol
FN:25,HelperConfig.getMainnetConfig
FNDA:0,HelperConfig.getMainnetConfig
DA:26,0
DA:26,0
DA:26,0
DA:30,0
DA:30,0
FN:33,HelperConfig.getHoleskyConfig
FNDA:0,HelperConfig.getHoleskyConfig
DA:34,0
DA:34,0
DA:34,0
DA:38,0
DA:38,0
FN:41,HelperConfig.getLocalConfig
FNDA:0,HelperConfig.getLocalConfig
DA:42,0
DA:42,0
DA:43,0
DA:43,0
DA:44,0
DA:44,0
DA:44,0
DA:45,0
DA:45,0
DA:45,0
DA:46,0
DA:46,0
DA:47,0
DA:47,0
DA:47,0
DA:51,0
DA:51,0
FNF:3
FNH:0
LF:11
LH:0
BRF:0
BRH:0
end_of_record
TN:
SF:script/deployStorage.s.sol
FN:8,DeployStorageContract.run
FNDA:20,DeployStorageContract.run
DA:9,20
DA:9,20
DA:10,20
DA:10,20
DA:11,20
DA:11,20
DA:13,20
DA:13,20
DA:14,20
DA:14,20
DA:15,20
DA:15,20
FN:18,DeployStorageContract.run
FNDA:0,DeployStorageContract.run
DA:19,20
DA:19,20
DA:19,20
DA:20,20
DA:20,20
DA:21,20
DA:21,20
DA:22,20
DA:22,20
DA:24,20
DA:24,20
DA:24,20
BRDA:24,0,0,-
BRDA:24,0,1,20
DA:24,0
DA:25,20
DA:25,20
DA:28,20
DA:28,20
DA:31,20
DA:31,20
BRDA:31,1,0,-
BRDA:31,1,1,20
DA:32,20
DA:32,20
DA:34,20
BRDA:34,2,0,-
BRDA:34,2,1,20
DA:35,20
DA:35,20
DA:37,0
DA:37,0
DA:40,20
DA:40,20
DA:44,20
DA:44,20
DA:48,20
DA:48,20
DA:50,20
DA:50,20
DA:51,20
DA:51,20
DA:52,20
DA:52,20
DA:54,0
DA:54,0
DA:55,0
DA:55,0
DA:58,20
DA:58,20
FNF:2
FNH:1
LF:27
LH:24
BRF:6
BRH:3
end_of_record
TN:
SF:script/deployToken.s.sol
FN:8,DeployTokenImplementation.run
FNDA:20,DeployTokenImplementation.run
DA:9,20
DA:9,20
DA:10,20
DA:10,20
DA:11,20
DA:11,20
DA:13,20
DA:13,20
DA:14,20
DA:14,20
DA:15,20
DA:15,20
FN:18,DeployTokenImplementation.run
FNDA:0,DeployTokenImplementation.run
DA:19,20
DA:19,20
DA:20,20
DA:20,20
DA:20,20
BRDA:20,0,0,-
BRDA:20,0,1,20
DA:20,0
DA:24,20
DA:24,20
DA:28,20
DA:28,20
DA:28,20
DA:28,20
BRDA:28,1,0,-
BRDA:28,1,1,20
DA:30,20
DA:30,20
BRDA:30,2,0,-
BRDA:30,2,1,20
DA:31,0
DA:31,0
DA:33,20
DA:33,20
DA:34,20
DA:34,20
DA:35,20
DA:35,20
DA:38,0
DA:38,0
DA:38,0
DA:38,0
BRDA:38,3,0,-
BRDA:38,3,1,-
DA:39,0
DA:39,0
DA:40,0
DA:40,0
DA:41,0
DA:41,0
DA:41,0
DA:41,0
BRDA:41,4,0,-
BRDA:41,4,1,-
DA:42,0
DA:42,0
DA:44,0
DA:44,0
DA:45,0
DA:45,0
DA:47,20
DA:47,20
DA:49,20
DA:49,20
FNF:2
FNH:1
LF:24
LH:16
BRF:10
BRH:3
end_of_record
TN:
SF:script/scriptBase.s.sol
FN:47,ScriptBase.calcStorageAddress
FNDA:0,ScriptBase.calcStorageAddress
DA:48,40
DA:48,40
DA:53,40
DA:53,40
DA:54,40
DA:54,40
FN:57,ScriptBase.calcProxyAddress
FNDA:0,ScriptBase.calcProxyAddress
DA:58,20
DA:58,20
DA:58,20
DA:58,20
BRDA:58,0,0,-
BRDA:58,0,1,20
DA:58,0
DA:59,20
DA:59,20
DA:72,20
DA:72,20
DA:73,20
DA:73,20
FN:76,ScriptBase.calcProxyAddress
FNDA:0,ScriptBase.calcProxyAddress
DA:77,0
DA:77,0
DA:78,0
DA:78,0
DA:91,0
DA:91,0
DA:92,0
DA:92,0
FN:95,ScriptBase.deployStorage
FNDA:0,ScriptBase.deployStorage
DA:96,20
DA:96,20
DA:97,20
DA:97,20
DA:98,20
DA:98,20
DA:99,20
DA:99,20
DA:100,20
DA:100,20
DA:101,20
DA:101,20
DA:102,20
DA:102,20
BRDA:102,1,0,-
BRDA:102,1,1,20
FN:105,ScriptBase.deployImplementation
FNDA:0,ScriptBase.deployImplementation
DA:106,20
DA:106,20
DA:107,20
DA:107,20
DA:109,20
DA:109,20
DA:110,20
DA:110,20
FN:113,ScriptBase.deployProxy
FNDA:0,ScriptBase.deployProxy
DA:114,20
DA:114,20
DA:116,20
DA:116,20
DA:117,20
DA:117,20
DA:120,20
DA:120,20
DA:121,20
DA:121,20
DA:122,20
DA:122,20
BRDA:122,2,0,-
BRDA:122,2,1,20
DA:124,20
DA:124,20
FNF:6
FNH:0
LF:29
LH:25
BRF:6
BRH:3
end_of_record
TN:
SF:script/upgradeProxy.s.sol
FN:14,UpgradeProxy.run
FNDA:0,UpgradeProxy.run
DA:15,0
DA:15,0
DA:16,0
DA:16,0
DA:17,0
DA:17,0
DA:18,0
DA:18,0
DA:20,0
DA:20,0
DA:21,0
DA:21,0
FN:24,UpgradeProxy.run
FNDA:0,UpgradeProxy.run
DA:25,0
DA:25,0
DA:26,0
DA:26,0
DA:26,0
BRDA:26,0,0,-
BRDA:26,0,1,-
DA:26,0
DA:27,0
DA:27,0
BRDA:27,1,0,-
BRDA:27,1,1,-
DA:27,0
DA:28,0
DA:28,0
DA:29,0
DA:29,0
BRDA:29,2,0,-
BRDA:29,2,1,-
DA:29,0
DA:30,0
DA:30,0
FNF:2
FNH:0
LF:12
LH:0
BRF:6
BRH:0
end_of_record
TN:
SF:src/APETH.sol
FN:68,APETH.initialize
FNDA:20,APETH.initialize
DA:69,20
DA:69,20
DA:70,20
DA:70,20
DA:71,20
DA:71,20
DA:72,20
DA:72,20
DA:73,20
DA:73,20
DA:74,20
DA:74,20
DA:74,20
DA:77,20
DA:77,20
DA:77,20
DA:78,20
DA:78,20
FN:83,APETH.
FNDA:0,APETH.
FN:85,APETH.mint
FNDA:529,APETH.mint
DA:86,529
DA:86,529
DA:86,529
DA:86,529
DA:86,529
DA:87,529
DA:87,529
DA:87,529
DA:87,529
DA:87,529
DA:88,529
DA:88,529
DA:88,529
DA:89,529
DA:89,529
DA:90,529
DA:90,529
DA:91,529
DA:91,529
FN:94,APETH.ethPerAPEth
FNDA:524,APETH.ethPerAPEth
DA:95,524
DA:95,524
DA:95,524
FN:98,APETH._ethPerAPEth
FNDA:1053,APETH._ethPerAPEth
DA:99,1053
DA:99,1053
DA:99,1053
BRDA:99,0,0,301
BRDA:99,0,1,752
DA:100,301
DA:100,301
DA:102,752
DA:102,752
DA:102,752
DA:103,752
DA:103,752
DA:103,752
DA:103,752
DA:104,752
DA:104,752
FN:109,APETH.stake
FNDA:388,APETH.stake
DA:110,387
DA:110,387
BRDA:110,1,0,1
BRDA:110,1,1,386
DA:110,1
DA:112,386
DA:112,386
DA:112,386
DA:115,386
DA:115,386
DA:116,386
DA:116,386
DA:117,386
DA:117,386
FN:120,APETH.callSSVNetwork
FNDA:3,APETH.callSSVNetwork
DA:121,2
DA:121,2
DA:122,2
DA:122,2
DA:123,2
DA:123,2
DA:123,2
DA:124,2
DA:124,2
BRDA:124,2,0,1
BRDA:124,2,1,1
FN:129,APETH.callEigenPod
FNDA:3,APETH.callEigenPod
DA:130,2
DA:130,2
DA:130,2
DA:131,2
DA:131,2
DA:131,2
DA:132,2
DA:132,2
BRDA:132,3,0,1
BRDA:132,3,1,1
FN:135,APETH.callEigenPodManager
FNDA:3,APETH.callEigenPodManager
DA:136,2
DA:136,2
DA:137,2
DA:137,2
DA:138,2
DA:138,2
DA:138,2
DA:139,2
DA:139,2
BRDA:139,4,0,1
BRDA:139,4,1,1
FN:142,APETH.transferToken
FNDA:2,APETH.transferToken
DA:143,1
DA:143,1
DA:143,1
DA:144,1
DA:144,1
FN:147,APETH._authorizeUpgrade
FNDA:0,APETH._authorizeUpgrade
FNF:11
FNH:9
LF:38
LH:38
BRF:10
BRH:10
end_of_record
TN:
SF:src/APETHV2.sol
FN:26,APETHV2.initialize
FNDA:0,APETHV2.initialize
DA:27,0
DA:27,0
DA:28,0
DA:28,0
DA:29,0
DA:29,0
DA:30,0
DA:30,0
FN:33,APETHV2.mint
FNDA:0,APETHV2.mint
DA:34,0
DA:34,0
FN:37,APETHV2.version
FNDA:0,APETHV2.version
DA:38,0
DA:38,0
FN:41,APETHV2._authorizeUpgrade
FNDA:0,APETHV2._authorizeUpgrade
FNF:4
FNH:0
LF:6
LH:0
BRF:0
BRH:0
end_of_record
TN:
SF:src/APEthStorage.sol
FN:57,APEthStorage.getGuardian
FNDA:42,APEthStorage.getGuardian
DA:58,42
DA:58,42
FN:62,APEthStorage.setGuardian
FNDA:2,APEthStorage.setGuardian
DA:64,2
DA:64,2
FN:68,APEthStorage.confirmGuardian
FNDA:2,APEthStorage.confirmGuardian
DA:70,2
DA:70,2
BRDA:70,0,0,1
BRDA:70,0,1,1
DA:70,1
DA:72,1
DA:72,1
DA:74,1
DA:74,1
DA:75,1
DA:75,1
DA:77,1
DA:77,1
FN:81,APEthStorage.getAPEth
FNDA:1,APEthStorage.getAPEth
DA:82,1
DA:82,1
FN:86,APEthStorage.setAPEth
FNDA:21,APEthStorage.setAPEth
DA:87,21
DA:87,21
DA:87,21
BRDA:87,1,0,1
BRDA:87,1,1,20
DA:87,1
DA:88,20
DA:88,20
FN:92,APEthStorage.burnKeys
FNDA:2,APEthStorage.burnKeys
DA:94,2
DA:94,2
DA:94,2
BRDA:94,2,0,1
BRDA:94,2,1,1
DA:94,1
DA:96,1
DA:96,1
DA:98,1
DA:98,1
DA:100,1
DA:100,1
FN:104,APEthStorage.getAddress
FNDA:942,APEthStorage.getAddress
DA:105,942
DA:105,942
FN:109,APEthStorage.getUint
FNDA:1814,APEthStorage.getUint
DA:110,1814
DA:110,1814
FN:114,APEthStorage.getBool
FNDA:1,APEthStorage.getBool
DA:115,1
DA:115,1
FN:119,APEthStorage.setAddress
FNDA:80,APEthStorage.setAddress
DA:120,80
DA:120,80
FN:124,APEthStorage.setUint
FNDA:22,APEthStorage.setUint
DA:125,21
DA:125,21
FN:129,APEthStorage.setBool
FNDA:1,APEthStorage.setBool
DA:130,1
DA:130,1
FN:134,APEthStorage.deleteAddress
FNDA:0,APEthStorage.deleteAddress
DA:135,0
DA:135,0
FN:139,APEthStorage.deleteUint
FNDA:1,APEthStorage.deleteUint
DA:140,1
DA:140,1
FN:144,APEthStorage.deleteBool
FNDA:0,APEthStorage.deleteBool
DA:145,0
DA:145,0
FN:150,APEthStorage.addUint
FNDA:387,APEthStorage.addUint
DA:151,387
DA:151,387
FN:156,APEthStorage.subUint
FNDA:1,APEthStorage.subUint
DA:157,1
DA:157,1
FNF:17
FNH:15
LF:25
LH:23
BRF:6
BRH:6
end_of_record
TN:
SF:test/mocks/ERC20Mock.sol
FN:47,ERC20Mock.totalSupply
FNDA:0,ERC20Mock.totalSupply
DA:48,0
DA:48,0
FN:54,ERC20Mock.balanceOf
FNDA:3,ERC20Mock.balanceOf
DA:57,3
DA:57,3
FN:60,ERC20Mock.mint
FNDA:2,ERC20Mock.mint
DA:61,2
DA:61,2
FN:72,ERC20Mock.transfer
FNDA:1,ERC20Mock.transfer
DA:76,1
DA:76,1
DA:76,1
DA:77,1
DA:77,1
DA:78,1
DA:78,1
FN:84,ERC20Mock.allowance
FNDA:0,ERC20Mock.allowance
DA:88,0
DA:88,0
FN:101,ERC20Mock.approve
FNDA:0,ERC20Mock.approve
DA:105,0
DA:105,0
FN:124,ERC20Mock.transferFrom
FNDA:0,ERC20Mock.transferFrom
DA:129,0
DA:129,0
DA:130,0
DA:130,0
FN:147,ERC20Mock._transfer
FNDA:1,ERC20Mock._transfer
DA:152,1
DA:152,1
BRDA:152,0,0,-
BRDA:152,0,1,1
DA:153,1
DA:153,1
BRDA:153,1,0,-
BRDA:153,1,1,1
DA:155,1
DA:155,1
DA:157,1
DA:157,1
BRDA:157,2,0,-
BRDA:157,2,1,1
DA:162,1
DA:162,1
DA:165,1
DA:165,1
DA:168,1
DA:168,1
DA:170,1
DA:170,1
FN:182,ERC20Mock._mint
FNDA:2,ERC20Mock._mint
DA:183,2
DA:183,2
BRDA:183,3,0,-
BRDA:183,3,1,2
DA:185,2
DA:185,2
DA:188,2
DA:188,2
DA:190,2
DA:190,2
FN:204,ERC20Mock._burn
FNDA:0,ERC20Mock._burn
DA:205,0
DA:205,0
BRDA:205,4,0,-
BRDA:205,4,1,-
DA:207,0
DA:207,0
DA:209,0
DA:209,0
DA:210,0
DA:210,0
BRDA:210,5,0,-
BRDA:210,5,1,-
DA:212,0
DA:212,0
DA:214,0
DA:214,0
DA:217,0
DA:217,0
DA:219,0
DA:219,0
FN:235,ERC20Mock._approve
FNDA:0,ERC20Mock._approve
DA:240,0
DA:240,0
BRDA:240,6,0,-
BRDA:240,6,1,-
DA:241,0
DA:241,0
BRDA:241,7,0,-
BRDA:241,7,1,-
DA:243,0
DA:243,0
DA:244,0
DA:244,0
FN:255,ERC20Mock._spendAllowance
FNDA:0,ERC20Mock._spendAllowance
DA:260,0
DA:260,0
DA:260,0
DA:261,0
DA:261,0
BRDA:261,8,0,-
BRDA:261,8,1,-
DA:262,0
DA:262,0
BRDA:262,9,0,-
BRDA:262,9,1,-
FN:283,ERC20Mock._beforeTokenTransfer
FNDA:1,ERC20Mock._beforeTokenTransfer
FN:303,ERC20Mock._afterTokenTransfer
FNDA:1,ERC20Mock._afterTokenTransfer
FNF:14
FNH:7
LF:37
LH:17
BRF:20
BRH:4
end_of_record
TN:
SF:test/mocks/MockEigenPod.sol
FN:21,MockEigenPod.eigenPodManager
FNDA:0,MockEigenPod.eigenPodManager
DA:22,0
DA:22,0
FN:26,MockEigenPod.podOwner
FNDA:1,MockEigenPod.podOwner
DA:27,1
DA:27,1
DA:28,1
DA:28,1
FN:31,MockEigenPod.initialize
FNDA:20,MockEigenPod.initialize
DA:32,20
DA:32,20
FNF:3
FNH:2
LF:4
LH:3
BRF:0
BRH:0
end_of_record
TN:
SF:test/mocks/MockEigenPodManager.sol
FN:15,MockEigenPodManager.createPod
FNDA:20,MockEigenPodManager.createPod
DA:16,20
DA:16,20
DA:16,20
DA:17,20
DA:17,20
DA:18,20
DA:18,20
DA:19,20
DA:19,20
FN:22,MockEigenPodManager.stake
FNDA:386,MockEigenPodManager.stake
FN:26,MockEigenPodManager.getPod
FNDA:1,MockEigenPodManager.getPod
DA:27,1
DA:27,1
DA:28,1
DA:28,1
FNF:3
FNH:3
LF:6
LH:6
BRF:0
BRH:0
end_of_record
TN:
SF:test/mocks/MockSsvNetwork.sol
FN:7,MockSsvNetwork.setFeeRecipientAddress
FNDA:1,MockSsvNetwork.setFeeRecipientAddress
DA:8,1
DA:8,1
FNF:1
FNH:1
LF:1
LH:1
BRF:0
BRH:0
end_of_record
