TN:
SF:script/Deploy.s.sol
FN:44,Deploy.run
FNDA:0,Deploy.run
DA:45,54
DA:48,54
DA:49,54
BRDA:49,0,0,54
DA:50,54
DA:51,54
BRDA:51,1,0,54
DA:52,54
DA:53,54
BRDA:53,2,0,54
DA:54,54
DA:55,54
BRDA:55,3,0,54
DA:56,54
DA:57,54
DA:58,54
DA:59,54
DA:60,54
DA:62,54
DA:63,54
DA:64,54
DA:65,54
FN:68,Deploy._deployWithdrawalQueue
FNDA:54,Deploy._deployWithdrawalQueue
DA:69,54
DA:70,54
DA:71,54
DA:72,54
BRDA:72,4,0,54
DA:73,54
BRDA:73,5,0,54
DA:74,54
DA:77,54
DA:78,54
BRDA:78,6,0,54
DA:79,54
FN:82,Deploy._deployDepositQueue
FNDA:54,Deploy._deployDepositQueue
DA:83,54
DA:84,54
DA:85,54
DA:86,54
BRDA:86,7,0,54
DA:87,54
BRDA:87,8,0,54
DA:88,54
DA:91,54
DA:92,54
BRDA:92,9,0,54
DA:93,54
FN:96,Deploy._upgradeApeth
FNDA:54,Deploy._upgradeApeth
DA:97,54
DA:98,54
DA:107,54
DA:108,54
DA:109,54
DA:110,54
BRDA:110,10,0,54
FNF:4
FNH:3
LF:42
LH:42
BRF:11
BRH:11
end_of_record
TN:
SF:script/HelperConfig.s.sol
FN:19,HelperConfig.getConfig
FNDA:6,HelperConfig.getConfig
DA:20,6
BRDA:20,0,0,6
DA:21,6
DA:24,0
BRDA:24,1,0,-
DA:25,0
DA:28,0
BRDA:28,2,0,-
DA:29,0
DA:32,0
DA:33,0
FN:36,HelperConfig.getMainnetConfig
FNDA:0,HelperConfig.getMainnetConfig
DA:37,6
DA:42,6
FN:45,HelperConfig.getHoleskyConfig
FNDA:0,HelperConfig.getHoleskyConfig
DA:46,0
DA:51,0
FN:54,HelperConfig.getLocalConfig
FNDA:0,HelperConfig.getLocalConfig
DA:55,0
BRDA:55,3,0,-
DA:56,0
DA:63,0
FNF:4
FNH:1
LF:15
LH:4
BRF:4
BRH:1
end_of_record
TN:
SF:script/deployEarlyDepositOnly.s.sol
FN:7,DeployEarlyDeposits.run
FNDA:6,DeployEarlyDeposits.run
DA:8,6
FN:11,DeployEarlyDeposits.run
FNDA:0,DeployEarlyDeposits.run
DA:12,0
FNF:2
FNH:1
LF:2
LH:1
BRF:0
BRH:0
end_of_record
TN:
SF:script/deployToken.s.sol
FN:18,DeployProxy.run
FNDA:0,DeployProxy.run
DA:19,6
FN:22,DeployProxy.run
FNDA:6,DeployProxy.run
DA:23,6
FN:26,DeployProxy.run
FNDA:0,DeployProxy.run
DA:27,0
DA:28,0
DA:29,0
DA:31,0
FNF:3
FNH:1
LF:6
LH:2
BRF:0
BRH:0
end_of_record
TN:
SF:script/deployWithdrawalQueue.s.sol
FN:7,DeployWithdrawalQueue.run
FNDA:0,DeployWithdrawalQueue.run
DA:8,0
FN:11,DeployWithdrawalQueue.run
FNDA:0,DeployWithdrawalQueue.run
DA:12,0
DA:13,0
DA:14,0
FNF:2
FNH:0
LF:4
LH:0
BRF:0
BRH:0
end_of_record
TN:
SF:script/scriptBase.s.sol
FN:45,ScriptBase.getSalt
FNDA:24,ScriptBase.getSalt
DA:46,24
BRDA:46,0,0,6
DA:47,6
DA:50,18
FN:53,ScriptBase.getConfig
FNDA:6,ScriptBase.getConfig
DA:54,18
BRDA:54,1,0,-
DA:55,0
DA:58,18
BRDA:58,2,0,6
DA:59,6
DA:60,6
DA:63,18
BRDA:63,3,0,6
DA:64,6
DA:67,18
DA:69,18
BRDA:69,4,0,6
DA:70,6
DA:73,18
FN:76,ScriptBase.calcProxyAddress
FNDA:0,ScriptBase.calcProxyAddress
DA:77,0
BRDA:77,5,0,-
DA:78,0
DA:81,0
FN:90,ScriptBase.encodeInitializer
FNDA:0,ScriptBase.encodeInitializer
DA:91,6
DA:92,6
FN:95,ScriptBase.deployApEth
FNDA:0,ScriptBase.deployApEth
DA:96,6
DA:97,6
FN:106,ScriptBase.deployProxy
FNDA:0,ScriptBase.deployProxy
DA:107,6
DA:109,6
FN:112,ScriptBase.deployAPETHWithdrawalQueueTicket
FNDA:0,ScriptBase.deployAPETHWithdrawalQueueTicket
DA:116,0
DA:117,0
DA:118,0
DA:121,0
DA:123,0
FN:126,ScriptBase.deployEarlyDeposit
FNDA:0,ScriptBase.deployEarlyDeposit
DA:127,6
BRDA:127,6,0,-
DA:128,0
DA:131,6
FN:134,ScriptBase.getProxyAddress
FNDA:0,ScriptBase.getProxyAddress
DA:135,0
DA:136,0
DA:137,0
DA:138,0
FN:141,ScriptBase.getEarlyDepositAddress
FNDA:0,ScriptBase.getEarlyDepositAddress
DA:142,0
DA:143,0
DA:144,0
DA:145,0
DA:146,0
FN:149,ScriptBase.getAPETH
FNDA:0,ScriptBase.getAPETH
DA:150,0
FN:153,ScriptBase.getAPEthEarlyDeposits
FNDA:0,ScriptBase.getAPEthEarlyDeposits
DA:154,0
FNF:12
FNH:2
LF:42
LH:21
BRF:7
BRH:4
end_of_record
TN:
SF:script/updateEarlyDeposit.s.sol
FN:7,UpdateEarlyDepositLibrary.run
FNDA:1024,UpdateEarlyDepositLibrary.run
DA:8,1024
DA:9,1024
FN:14,UpdateEarlyDeposit.run
FNDA:0,UpdateEarlyDeposit.run
DA:15,0
FN:18,UpdateEarlyDeposit.run
FNDA:0,UpdateEarlyDeposit.run
DA:19,0
DA:20,0
DA:22,0
BRDA:22,0,0,-
DA:23,0
DA:26,0
BRDA:26,1,0,-
DA:27,0
DA:30,0
DA:31,0
FNF:3
FNH:1
LF:11
LH:2
BRF:2
BRH:0
end_of_record
TN:
SF:script/upgradeProxy.s.sol
FN:18,UpgradeProxy.run
FNDA:0,UpgradeProxy.run
DA:25,0
FN:34,UpgradeProxy.run
FNDA:0,UpgradeProxy.run
FNF:2
FNH:0
LF:1
LH:0
BRF:0
BRH:0
end_of_record
TN:
SF:script/utils/Utils.sol
FN:9,Utils.readInput
FNDA:54,Utils.readInput
DA:10,54
DA:11,54
DA:12,54
DA:13,54
FN:16,Utils.readOutput
FNDA:0,Utils.readOutput
DA:17,0
DA:18,0
DA:19,0
DA:20,0
FN:23,Utils.writeOutput
FNDA:0,Utils.writeOutput
DA:24,0
DA:25,0
DA:26,0
DA:27,0
FNF:3
FNH:1
LF:12
LH:4
BRF:0
BRH:0
end_of_record
TN:
SF:src/APETH.sol
FN:97,APETH.
FNDA:6,APETH.
DA:104,6
DA:107,6
BRDA:107,0,0,-
BRDA:107,0,1,6
DA:109,6
DA:110,6
DA:111,6
DA:112,6
DA:113,6
FN:116,APETH.initialize
FNDA:6,APETH.initialize
DA:117,6
DA:118,6
DA:119,6
DA:120,6
DA:121,6
DA:122,6
DA:124,6
FN:138,APETH.mint
FNDA:1792,APETH.mint
DA:139,1792
DA:141,1792
BRDA:141,1,0,-
DA:142,0
DA:145,1792
DA:146,1792
DA:148,1792
DA:149,1792
DA:151,1792
DA:153,1792
FN:160,APETH.ethPerAPEth
FNDA:0,APETH.ethPerAPEth
DA:161,0
FN:169,APETH._ethPerAPEth
FNDA:1792,APETH._ethPerAPEth
DA:171,1792
BRDA:171,2,0,512
BRDA:171,2,1,1280
DA:172,512
DA:175,1280
DA:177,1280
FN:190,APETH.stake
FNDA:0,APETH.stake
DA:195,0
BRDA:195,3,0,-
DA:197,0
DA:199,0
DA:200,0
FN:210,APETH.callSSVNetwork
FNDA:0,APETH.callSSVNetwork
DA:211,0
DA:212,0
BRDA:212,4,0,-
BRDA:212,4,1,-
FN:222,APETH.callEigenPod
FNDA:0,APETH.callEigenPod
DA:223,0
DA:224,0
DA:225,0
BRDA:225,5,0,-
BRDA:225,5,1,-
FN:236,APETH.callEigenPodManager
FNDA:0,APETH.callEigenPodManager
DA:237,0
DA:238,0
BRDA:238,6,0,-
BRDA:238,6,1,-
FN:252,APETH.callDelegationManager
FNDA:0,APETH.callDelegationManager
DA:256,0
DA:257,0
BRDA:257,7,0,-
BRDA:257,7,1,-
DA:258,0
FN:269,APETH.transferToken
FNDA:0,APETH.transferToken
DA:270,0
DA:271,0
FN:274,APETH._authorizeUpgrade
FNDA:0,APETH._authorizeUpgrade
FN:279,APETH.setFeeRecipient
FNDA:0,APETH.setFeeRecipient
DA:280,0
BRDA:280,8,0,-
BRDA:280,8,1,-
DA:281,0
FN:284,APETH.mint
FNDA:0,APETH.mint
DA:287,0
FNF:14
FNH:4
LF:47
LH:26
BRF:16
BRH:3
end_of_record
TN:
SF:src/APETHV2.sol
FN:129,APETHV2.onlyWhenUnlocked
FNDA:2090,APETHV2.onlyWhenUnlocked
DA:130,2090
BRDA:130,0,0,2
FN:142,APETHV2.
FNDA:54,APETHV2.
DA:149,54
DA:151,54
BRDA:151,1,0,-
BRDA:151,1,1,54
DA:153,54
DA:154,54
DA:155,54
DA:156,54
FN:159,APETHV2.initialize
FNDA:54,APETHV2.initialize
DA:163,54
DA:164,54
DA:165,54
DA:166,54
FN:181,APETHV2.ethPerAPEth
FNDA:4420,APETHV2.ethPerAPEth
DA:182,4420
FN:191,APETHV2.mint
FNDA:2,APETHV2.mint
DA:192,2
DA:193,2
DA:194,2
FN:202,APETHV2.mint
FNDA:2090,APETHV2.mint
DA:203,2088
DA:204,2088
DA:205,2088
FN:216,APETHV2.withdraw
FNDA:1243,APETHV2.withdraw
DA:217,1243
BRDA:217,2,0,-
DA:218,0
DA:220,1243
DA:221,1243
BRDA:221,3,0,1
DA:222,1
DA:224,1242
DA:225,1242
DA:226,1242
DA:227,1242
BRDA:227,4,0,19
BRDA:227,4,1,1223
DA:229,19
DA:230,19
DA:233,1223
FN:244,APETHV2.redeemWithdrawQueueTicket
FNDA:9,APETHV2.redeemWithdrawQueueTicket
DA:245,9
BRDA:245,5,0,-
DA:246,0
DA:248,9
BRDA:248,6,0,2
DA:249,2
DA:251,7
BRDA:251,7,0,1
DA:252,1
DA:254,6
DA:255,6
BRDA:255,8,0,1
DA:256,1
DA:258,5
DA:259,5
DA:260,5
FN:269,APETHV2._ethPerAPEth
FNDA:7761,APETHV2._ethPerAPEth
DA:271,7761
BRDA:271,9,0,-
BRDA:271,9,1,7761
DA:272,0
DA:277,7761
DA:279,7761
FN:287,APETHV2._mintWithdrawQueueTicket
FNDA:19,APETHV2._mintWithdrawQueueTicket
DA:288,19
DA:289,19
FN:297,APETHV2._mint
FNDA:2090,APETHV2._mint
DA:298,2090
DA:299,2090
DA:301,2090
DA:302,2090
DA:304,2090
DA:306,2090
FN:309,APETHV2._authorizeUpgrade
FNDA:0,APETHV2._authorizeUpgrade
FN:319,APETHV2.stake
FNDA:863,APETHV2.stake
DA:324,862
BRDA:324,10,0,1
DA:326,861
DA:328,861
DA:329,861
FN:338,APETHV2.setWithdrawalTickets
FNDA:8,APETHV2.setWithdrawalTickets
DA:343,7
BRDA:343,11,0,-
DA:344,7
DA:346,7
DA:347,9
DA:348,9
DA:349,9
DA:350,9
DA:351,9
DA:352,9
DA:355,7
BRDA:355,12,0,1
DA:356,1
DA:357,1
BRDA:357,13,0,-
BRDA:357,13,1,1
FN:366,APETHV2.callSSVNetwork
FNDA:3,APETHV2.callSSVNetwork
DA:367,2
DA:368,2
BRDA:368,14,0,1
BRDA:368,14,1,1
FN:376,APETHV2.callEigenPod
FNDA:3,APETHV2.callEigenPod
DA:377,2
DA:378,2
DA:379,2
BRDA:379,15,0,1
BRDA:379,15,1,1
FN:388,APETHV2.callEigenPodManager
FNDA:3,APETHV2.callEigenPodManager
DA:389,2
DA:390,2
BRDA:390,16,0,1
BRDA:390,16,1,1
FN:402,APETHV2.callDelegationManager
FNDA:3,APETHV2.callDelegationManager
DA:406,2
DA:407,2
BRDA:407,17,0,2
BRDA:407,17,1,-
DA:408,0
FN:417,APETHV2.transferToken
FNDA:2,APETHV2.transferToken
DA:418,1
DA:419,1
FN:425,APETHV2.setFeeRecipient
FNDA:2,APETHV2.setFeeRecipient
DA:426,1
FN:429,APETHV2.setWithdrawalDelay
FNDA:2,APETHV2.setWithdrawalDelay
DA:430,1
FNF:21
FNH:20
LF:84
LH:80
BRF:26
BRH:19
end_of_record
TN:
SF:src/APETHWithdrawalQueueTicket.sol
FN:79,APETHWithdrawalQueueTicket.
FNDA:54,APETHWithdrawalQueueTicket.
DA:80,54
FN:83,APETHWithdrawalQueueTicket.initialize
FNDA:54,APETHWithdrawalQueueTicket.initialize
DA:84,54
DA:85,54
DA:86,54
DA:87,54
FN:90,APETHWithdrawalQueueTicket.mint
FNDA:20,APETHWithdrawalQueueTicket.mint
DA:94,19
DA:95,19
DA:96,19
DA:97,19
DA:98,19
FN:101,APETHWithdrawalQueueTicket.setReadyToWithdraw
FNDA:9,APETHWithdrawalQueueTicket.setReadyToWithdraw
DA:102,9
DA:103,9
DA:104,9
FN:107,APETHWithdrawalQueueTicket.burn
FNDA:5,APETHWithdrawalQueueTicket.burn
DA:108,5
DA:109,5
FN:112,APETHWithdrawalQueueTicket.supportsInterface
FNDA:3,APETHWithdrawalQueueTicket.supportsInterface
DA:118,3
FN:123,APETHWithdrawalQueueTicket.ownerOf
FNDA:26,APETHWithdrawalQueueTicket.ownerOf
DA:129,26
FN:132,APETHWithdrawalQueueTicket.tokenURI
FNDA:1,APETHWithdrawalQueueTicket.tokenURI
DA:138,1
BRDA:138,0,0,-
BRDA:138,0,1,1
DA:139,1
DA:140,1
DA:142,1
DA:143,1
DA:144,1
DA:145,1
DA:146,1
FN:172,APETHWithdrawalQueueTicket._getImage
FNDA:1,APETHWithdrawalQueueTicket._getImage
DA:174,1
DA:175,1
DA:176,1
DA:177,1
FN:193,APETHWithdrawalQueueTicket.getTime
FNDA:0,APETHWithdrawalQueueTicket.getTime
DA:194,2
DA:195,2
DA:196,2
DA:197,2
DA:198,2
DA:199,2
FN:217,APETHWithdrawalQueueTicket.getEthAmount
FNDA:0,APETHWithdrawalQueueTicket.getEthAmount
DA:218,2
BRDA:218,1,0,-
DA:219,0
DA:220,0
DA:222,2
DA:223,2
DA:224,2
DA:225,2
FN:228,APETHWithdrawalQueueTicket._authorizeUpgrade
FNDA:0,APETHWithdrawalQueueTicket._authorizeUpgrade
FNF:12
FNH:9
LF:42
LH:40
BRF:3
BRH:1
end_of_record
TN:
SF:src/APEthDeposits.sol
FN:86,APEthDeposits.
FNDA:54,APEthDeposits.
DA:87,54
DA:88,54
FN:91,APEthDeposits.initialize
FNDA:54,APEthDeposits.initialize
DA:92,54
DA:93,54
DA:94,54
DA:95,54
DA:96,54
DA:97,54
DA:98,54
FN:101,APEthDeposits.deposit
FNDA:0,APEthDeposits.deposit
DA:102,8
BRDA:102,0,0,2
DA:103,6
DA:104,6
DA:105,6
DA:106,6
DA:107,6
FN:110,APEthDeposits.deposit
FNDA:6,APEthDeposits.deposit
DA:111,6
FN:118,APEthDeposits.
FNDA:0,APEthDeposits.
DA:119,0
FN:122,APEthDeposits.mintAPEthBulk
FNDA:3,APEthDeposits.mintAPEthBulk
DA:123,2
BRDA:123,1,0,1
DA:124,1
DA:125,2
DA:126,2
DA:127,2
BRDA:127,2,0,2
DA:128,2
DA:129,2
DA:130,2
DA:131,2
DA:134,1
DA:135,1
FN:138,APEthDeposits.withdraw
FNDA:4,APEthDeposits.withdraw
DA:139,4
DA:140,4
BRDA:140,3,0,1
DA:141,1
BRDA:141,4,0,1
DA:142,2
DA:143,2
DA:144,2
DA:145,2
DA:146,2
BRDA:146,5,0,-
BRDA:146,5,1,2
DA:147,2
FN:150,APEthDeposits._authorizeUpgrade
FNDA:0,APEthDeposits._authorizeUpgrade
FNF:8
FNH:5
LF:37
LH:36
BRF:7
BRH:6
end_of_record
TN:
SF:src/APEthEarlyDeposits.sol
FN:55,APEthEarlyDeposits.
FNDA:6,APEthEarlyDeposits.
FN:59,APEthEarlyDeposits.updateAPEth
FNDA:1024,APEthEarlyDeposits.updateAPEth
DA:60,1024
FN:63,APEthEarlyDeposits.deposit
FNDA:2561,APEthEarlyDeposits.deposit
DA:64,2817
DA:65,2817
FN:72,APEthEarlyDeposits.
FNDA:0,APEthEarlyDeposits.
DA:73,0
FN:76,APEthEarlyDeposits.mintAPEthBulk
FNDA:513,APEthEarlyDeposits.mintAPEthBulk
DA:77,513
DA:78,1793
BRDA:78,0,0,1
BRDA:78,0,1,1792
DA:79,1792
FN:83,APEthEarlyDeposits._mintAPEth
FNDA:1792,APEthEarlyDeposits._mintAPEth
DA:84,1792
DA:85,1792
DA:86,1792
DA:87,1792
DA:88,1792
BRDA:88,1,0,-
BRDA:88,1,1,1792
DA:89,1792
FN:92,APEthEarlyDeposits.withdraw
FNDA:256,APEthEarlyDeposits.withdraw
DA:93,256
DA:94,256
DA:95,256
DA:96,256
BRDA:96,2,0,-
BRDA:96,2,1,256
DA:97,256
FNF:7
FNH:6
LF:18
LH:17
BRF:6
BRH:4
end_of_record
TN:
SF:test/APEthTestSetup.t.sol
FN:66,APEthTestSetup.setUp
FNDA:54,APEthTestSetup.setUp
DA:67,54
BRDA:67,0,0,-
DA:68,0
DA:70,54
DA:71,54
DA:72,54
DA:73,54
DA:74,54
DA:75,54
DA:76,54
DA:78,54
DA:79,54
DA:80,54
DA:81,54
DA:82,54
DA:83,54
DA:84,54
FN:87,APEthTestSetup.mintAlice
FNDA:4,APEthTestSetup.mintAlice
DA:88,4
DA:89,4
BRDA:89,1,0,-
DA:90,0
DA:91,0
DA:93,4
DA:94,4
DA:95,4
DA:96,4
BRDA:96,2,0,-
DA:97,0
DA:99,4
BRDA:99,3,0,4
FN:103,APEthTestSetup.mintBob
FNDA:2,APEthTestSetup.mintBob
DA:104,2
DA:105,2
BRDA:105,4,0,-
DA:106,0
DA:107,0
DA:109,2
DA:110,2
DA:111,2
FN:115,APEthTestSetup.mintBob2
FNDA:0,APEthTestSetup.mintBob2
FN:132,APEthTestSetup._calculateFee
FNDA:2087,APEthTestSetup._calculateFee
DA:133,2087
FN:136,APEthTestSetup._calculateAmountLessFee
FNDA:2087,APEthTestSetup._calculateAmountLessFee
DA:137,2087
DA:138,2087
FN:141,APEthTestSetup._stake1
FNDA:565,APEthTestSetup._stake1
DA:142,565
BRDA:142,5,0,-
DA:143,0
DA:145,565
DA:146,565
FN:149,APEthTestSetup._stake2
FNDA:148,APEthTestSetup._stake2
DA:150,148
BRDA:150,6,0,-
DA:151,0
DA:153,148
DA:154,148
FN:157,APEthTestSetup._stake3
FNDA:148,APEthTestSetup._stake3
DA:158,148
BRDA:158,7,0,-
DA:159,0
DA:161,148
DA:162,148
FNF:9
FNH:8
LF:48
LH:39
BRF:8
BRH:1
end_of_record
TN:
SF:test/mocks/ERC20Mock.sol
FN:47,ERC20Mock.totalSupply
FNDA:0,ERC20Mock.totalSupply
DA:48,0
FN:54,ERC20Mock.balanceOf
FNDA:3,ERC20Mock.balanceOf
DA:55,3
FN:58,ERC20Mock.mint
FNDA:2,ERC20Mock.mint
DA:59,2
FN:70,ERC20Mock.transfer
FNDA:1,ERC20Mock.transfer
DA:71,1
DA:72,1
DA:73,1
FN:79,ERC20Mock.allowance
FNDA:0,ERC20Mock.allowance
DA:80,0
FN:93,ERC20Mock.approve
FNDA:0,ERC20Mock.approve
DA:94,0
FN:113,ERC20Mock.transferFrom
FNDA:0,ERC20Mock.transferFrom
DA:114,0
DA:115,0
FN:132,ERC20Mock._transfer
FNDA:1,ERC20Mock._transfer
DA:133,1
BRDA:133,0,0,-
BRDA:133,0,1,1
DA:134,1
BRDA:134,1,0,-
BRDA:134,1,1,1
DA:136,1
DA:138,1
BRDA:138,2,0,-
BRDA:138,2,1,1
DA:140,1
DA:143,1
DA:146,1
DA:148,1
FN:161,ERC20Mock._mint
FNDA:2,ERC20Mock._mint
DA:162,2
BRDA:162,3,0,-
BRDA:162,3,1,2
DA:164,2
DA:167,2
DA:169,2
FN:183,ERC20Mock._burn
FNDA:0,ERC20Mock._burn
DA:184,0
BRDA:184,4,0,-
BRDA:184,4,1,-
DA:186,0
DA:188,0
DA:189,0
BRDA:189,5,0,-
BRDA:189,5,1,-
DA:191,0
DA:193,0
DA:196,0
DA:198,0
FN:214,ERC20Mock._approve
FNDA:0,ERC20Mock._approve
DA:215,0
BRDA:215,6,0,-
BRDA:215,6,1,-
DA:216,0
BRDA:216,7,0,-
BRDA:216,7,1,-
DA:218,0
DA:219,0
FN:230,ERC20Mock._spendAllowance
FNDA:0,ERC20Mock._spendAllowance
DA:231,0
DA:232,0
BRDA:232,8,0,-
DA:233,0
BRDA:233,9,0,-
BRDA:233,9,1,-
FN:251,ERC20Mock._beforeTokenTransfer
FNDA:1,ERC20Mock._beforeTokenTransfer
FN:267,ERC20Mock._afterTokenTransfer
FNDA:1,ERC20Mock._afterTokenTransfer
FNF:14
FNH:7
LF:37
LH:17
BRF:19
BRH:4
end_of_record
TN:
SF:test/mocks/MockDelegationManager.sol
FN:11,MockDelegationManager.undelegate
FNDA:0,MockDelegationManager.undelegate
DA:12,0
DA:13,0
FNF:1
FNH:0
LF:2
LH:0
BRF:0
BRH:0
end_of_record
TN:
SF:test/mocks/MockEigenPod.sol
FN:17,MockEigenPod.
FNDA:0,MockEigenPod.
DA:18,0
FN:21,MockEigenPod.eigenPodManager
FNDA:0,MockEigenPod.eigenPodManager
DA:22,0
FN:26,MockEigenPod.podOwner
FNDA:0,MockEigenPod.podOwner
DA:27,0
DA:28,0
FN:31,MockEigenPod.initialize
FNDA:0,MockEigenPod.initialize
DA:32,0
FNF:4
FNH:0
LF:5
LH:0
BRF:0
BRH:0
end_of_record
TN:
SF:test/mocks/MockEigenPodManager.sol
FN:16,MockEigenPodManager.createPod
FNDA:0,MockEigenPodManager.createPod
DA:17,0
DA:18,0
DA:19,0
DA:20,0
FN:23,MockEigenPodManager.stake
FNDA:0,MockEigenPodManager.stake
FN:27,MockEigenPodManager.getPod
FNDA:0,MockEigenPodManager.getPod
DA:28,0
DA:29,0
FNF:3
FNH:0
LF:6
LH:0
BRF:0
BRH:0
end_of_record
TN:
SF:test/mocks/MockSsvNetwork.sol
FN:7,MockSsvNetwork.setFeeRecipientAddress
FNDA:0,MockSsvNetwork.setFeeRecipientAddress
DA:8,0
FNF:1
FNH:0
LF:1
LH:0
BRF:0
BRH:0
end_of_record
